# JRE version: Java(TM) SE Runtime Environment (21.0.4+8) (build 21.0.4+8-LTS-274)
# Java VM: Java HotSpot(TM) 64-Bit Server VM (21.0.4+8-LTS-274, mixed mode, sharing, tiered, compressed oops, compressed class ptrs, g1 gc, windows-amd64)
GC Precious Log:
 CardTable entry size: 512
 Card Set container configuration: InlinePtr #cards 5 size 8 Array Of Cards #cards 12 size 40 Howl #buckets 4 coarsen threshold 1843 Howl Bitmap #cards 512 size 80 coarsen threshold 460 Card regions per heap region 1 cards per card region 2048
 CPUs: 4 total, 4 available
 Memory: 3930M
 Large Page Support: Disabled
 NUMA Support: Disabled
 Compressed Oops: Enabled (32-bit)
 Heap Region Size: 1M
 Heap Min Capacity: 8M
 Heap Initial Capacity: 62M
 Heap Max Capacity: 984M
 Pre-touch: Disabled
 Parallel Workers: 4
 Concurrent Workers: 1
 Concurrent Refinement Workers: 4
 Periodic GC: Disabled
Heap:
 garbage-first heap   total 51200K, used 34404K [0x00000000c2800000, 0x0000000100000000)
  region size 1024K, 13 young (13312K), 2 survivors (2048K)
 Metaspace       used 61661K, committed 62144K, reserved 1114112K
  class space    used 8295K, committed 8512K, reserved 1048576K
GC Heap History (20 events):
Event: 4.868 GC heap before
{Heap before GC invocations=1 (full 0):
 garbage-first heap   total 63488K, used 20160K [0x00000000c2800000, 0x0000000100000000)
  region size 1024K, 15 young (15360K), 2 survivors (2048K)
 Metaspace       used 7082K, committed 7296K, reserved 1114112K
  class space    used 851K, committed 960K, reserved 1048576K
}
Event: 4.876 GC heap after
{Heap after GC invocations=2 (full 0):
 garbage-first heap   total 63488K, used 8326K [0x00000000c2800000, 0x0000000100000000)
  region size 1024K, 2 young (2048K), 2 survivors (2048K)
 Metaspace       used 7082K, committed 7296K, reserved 1114112K
  class space    used 851K, committed 960K, reserved 1048576K
}
Event: 9.428 GC heap before
{Heap before GC invocations=2 (full 0):
 garbage-first heap   total 63488K, used 34950K [0x00000000c2800000, 0x0000000100000000)
  region size 1024K, 29 young (29696K), 2 survivors (2048K)
 Metaspace       used 14596K, committed 14976K, reserved 1114112K
  class space    used 1939K, committed 2112K, reserved 1048576K
}
Event: 9.434 GC heap after
{Heap after GC invocations=3 (full 0):
 garbage-first heap   total 63488K, used 10234K [0x00000000c2800000, 0x0000000100000000)
  region size 1024K, 4 young (4096K), 4 survivors (4096K)
 Metaspace       used 14596K, committed 14976K, reserved 1114112K
  class space    used 1939K, committed 2112K, reserved 1048576K
}
Event: 10.752 GC heap before
{Heap before GC invocations=3 (full 0):
 garbage-first heap   total 63488K, used 38906K [0x00000000c2800000, 0x0000000100000000)
  region size 1024K, 34 young (34816K), 4 survivors (4096K)
 Metaspace       used 21143K, committed 21504K, reserved 1114112K
  class space    used 2685K, committed 2880K, reserved 1048576K
}
Event: 10.763 GC heap after
{Heap after GC invocations=4 (full 0):
 garbage-first heap   total 63488K, used 13794K [0x00000000c2800000, 0x0000000100000000)
  region size 1024K, 5 young (5120K), 5 survivors (5120K)
 Metaspace       used 21143K, committed 21504K, reserved 1114112K
  class space    used 2685K, committed 2880K, reserved 1048576K
}
Event: 12.122 GC heap before
{Heap before GC invocations=5 (full 0):
 garbage-first heap   total 51200K, used 39394K [0x00000000c2800000, 0x0000000100000000)
  region size 1024K, 30 young (30720K), 5 survivors (5120K)
 Metaspace       used 24833K, committed 25280K, reserved 1114112K
  class space    used 3190K, committed 3392K, reserved 1048576K
}
Event: 12.138 GC heap after
{Heap after GC invocations=6 (full 0):
 garbage-first heap   total 51200K, used 15789K [0x00000000c2800000, 0x0000000100000000)
  region size 1024K, 3 young (3072K), 3 survivors (3072K)
 Metaspace       used 24833K, committed 25280K, reserved 1114112K
  class space    used 3190K, committed 3392K, reserved 1048576K
}
Event: 13.562 GC heap before
{Heap before GC invocations=6 (full 0):
 garbage-first heap   total 51200K, used 39341K [0x00000000c2800000, 0x0000000100000000)
  region size 1024K, 26 young (26624K), 3 survivors (3072K)
 Metaspace       used 30095K, committed 30592K, reserved 1114112K
  class space    used 3886K, committed 4096K, reserved 1048576K
}
Event: 13.574 GC heap after
{Heap after GC invocations=7 (full 0):
 garbage-first heap   total 51200K, used 18212K [0x00000000c2800000, 0x0000000100000000)
  region size 1024K, 3 young (3072K), 3 survivors (3072K)
 Metaspace       used 30095K, committed 30592K, reserved 1114112K
  class space    used 3886K, committed 4096K, reserved 1048576K
}
Event: 14.712 GC heap before
{Heap before GC invocations=7 (full 0):
 garbage-first heap   total 51200K, used 38692K [0x00000000c2800000, 0x0000000100000000)
  region size 1024K, 24 young (24576K), 3 survivors (3072K)
 Metaspace       used 35432K, committed 35968K, reserved 1114112K
  class space    used 4669K, committed 4928K, reserved 1048576K
}
Event: 14.718 GC heap after
{Heap after GC invocations=8 (full 0):
 garbage-first heap   total 51200K, used 20002K [0x00000000c2800000, 0x0000000100000000)
  region size 1024K, 2 young (2048K), 2 survivors (2048K)
 Metaspace       used 35432K, committed 35968K, reserved 1114112K
  class space    used 4669K, committed 4928K, reserved 1048576K
}
Event: 16.877 GC heap before
{Heap before GC invocations=9 (full 0):
 garbage-first heap   total 51200K, used 42530K [0x00000000c2800000, 0x0000000100000000)
  region size 1024K, 24 young (24576K), 2 survivors (2048K)
 Metaspace       used 45172K, committed 45696K, reserved 1114112K
  class space    used 5932K, committed 6144K, reserved 1048576K
}
Event: 16.883 GC heap after
{Heap after GC invocations=10 (full 0):
 garbage-first heap   total 51200K, used 22465K [0x00000000c2800000, 0x0000000100000000)
  region size 1024K, 3 young (3072K), 3 survivors (3072K)
 Metaspace       used 45172K, committed 45696K, reserved 1114112K
  class space    used 5932K, committed 6144K, reserved 1048576K
}
Event: 18.379 GC heap before
{Heap before GC invocations=10 (full 0):
 garbage-first heap   total 51200K, used 40897K [0x00000000c2800000, 0x0000000100000000)
  region size 1024K, 22 young (22528K), 3 survivors (3072K)
 Metaspace       used 49506K, committed 50048K, reserved 1114112K
  class space    used 6503K, committed 6720K, reserved 1048576K
}
Event: 18.384 GC heap after
{Heap after GC invocations=11 (full 0):
 garbage-first heap   total 51200K, used 23836K [0x00000000c2800000, 0x0000000100000000)
  region size 1024K, 2 young (2048K), 2 survivors (2048K)
 Metaspace       used 49506K, committed 50048K, reserved 1114112K
  class space    used 6503K, committed 6720K, reserved 1048576K
}
Event: 19.377 GC heap before
{Heap before GC invocations=11 (full 0):
 garbage-first heap   total 51200K, used 42268K [0x00000000c2800000, 0x0000000100000000)
  region size 1024K, 21 young (21504K), 2 survivors (2048K)
 Metaspace       used 56120K, committed 56640K, reserved 1114112K
  class space    used 7504K, committed 7744K, reserved 1048576K
}
Event: 19.381 GC heap after
{Heap after GC invocations=12 (full 0):
 garbage-first heap   total 51200K, used 24740K [0x00000000c2800000, 0x0000000100000000)
  region size 1024K, 3 young (3072K), 3 survivors (3072K)
 Metaspace       used 56120K, committed 56640K, reserved 1114112K
  class space    used 7504K, committed 7744K, reserved 1048576K
}
Event: 19.844 GC heap before
{Heap before GC invocations=12 (full 0):
 garbage-first heap   total 51200K, used 37028K [0x00000000c2800000, 0x0000000100000000)
  region size 1024K, 16 young (16384K), 3 survivors (3072K)
 Metaspace       used 59736K, committed 60288K, reserved 1114112K
  class space    used 8050K, committed 8320K, reserved 1048576K
}
Event: 19.847 GC heap after
{Heap after GC invocations=13 (full 0):
 garbage-first heap   total 51200K, used 25188K [0x00000000c2800000, 0x0000000100000000)
  region size 1024K, 2 young (2048K), 2 survivors (2048K)
 Metaspace       used 59736K, committed 60288K, reserved 1114112K
  class space    used 8050K, committed 8320K, reserved 1048576K
}

